<?xml version="1.0" encoding="UTF-8"?>
<!-- Generated by org.testng.reporters.JUnitXMLReporter -->
<testsuite ignored="1" hostname="DESKTOP-HA8TOHO" failures="0" tests="4" name="Default test" time="8.453" errors="0" timestamp="2021-03-06T10:56:36 EET">
  <testcase classname="pharmazone.MR.SettingsAdminTest" name="forgetPassword" time="1.917"/>
  <testcase classname="pharmazone.MR.SettingsAdminTest" name="loginAdminSuccessp" time="4.279"/>
  <testcase classname="pharmazone.MR.SettingsAdminTest" name="UserCanAddNewArea" time="1.169"/>
  <testcase classname="pharmazone.MR.SettingsAdminTest" name="UserCanDeleteArea" time="1.024"/>
  <testcase classname="pharmazone.MR.SettingsAdminTest" name="UserCanEditArea" time="0.0">
    <ignored/>
  </testcase> <!-- UserCanEditArea -->
</testsuite> <!-- Default test -->
