<?xml version="1.0" encoding="UTF-8"?>
<testng-results ignored="0" total="1" passed="1" failed="0" skipped="0">
  <reporter-output>
  </reporter-output>
  <suite started-at="2021-03-04T13:10:47 EET" name="Default suite" finished-at="2021-03-04T13:10:48 EET" duration-ms="698">
    <groups>
    </groups>
    <test started-at="2021-03-04T13:10:47 EET" name="Default test" finished-at="2021-03-04T13:10:48 EET" duration-ms="698">
      <class name="pharmazone.MR.LoginAdminTest">
        <test-method is-config="true" signature="openBrowser()[pri:0, instance:pharmazone.MR.LoginAdminTest@66f57048]" started-at="2021-03-04T13:10:42 EET" name="openBrowser" finished-at="2021-03-04T13:10:47 EET" duration-ms="4909" status="PASS">
          <reporter-output>
          </reporter-output>
        </test-method> <!-- openBrowser -->
        <test-method signature="loginAdminSuccess()[pri:0, instance:pharmazone.MR.LoginAdminTest@66f57048]" started-at="2021-03-04T13:10:47 EET" name="loginAdminSuccess" finished-at="2021-03-04T13:10:48 EET" duration-ms="670" status="PASS">
          <reporter-output>
          </reporter-output>
        </test-method> <!-- loginAdminSuccess -->
      </class> <!-- pharmazone.MR.LoginAdminTest -->
    </test> <!-- Default test -->
  </suite> <!-- Default suite -->
</testng-results>
