<?xml version="1.0" encoding="UTF-8"?>
<testng-results ignored="0" total="1" passed="1" failed="0" skipped="0">
  <reporter-output>
  </reporter-output>
  <suite started-at="2021-03-03T22:16:30 EET" name="Default suite" finished-at="2021-03-03T22:16:31 EET" duration-ms="1171">
    <groups>
    </groups>
    <test started-at="2021-03-03T22:16:30 EET" name="Default test" finished-at="2021-03-03T22:16:31 EET" duration-ms="1171">
      <class name="pharmazone.MR.LoginAdminTest">
        <test-method is-config="true" signature="openBrowser()[pri:0, instance:pharmazone.MR.LoginAdminTest@550dbc7a]" started-at="2021-03-03T22:16:25 EET" name="openBrowser" finished-at="2021-03-03T22:16:30 EET" duration-ms="5023" status="PASS">
          <reporter-output>
          </reporter-output>
        </test-method> <!-- openBrowser -->
        <test-method signature="loginAdminSuccess()[pri:0, instance:pharmazone.MR.LoginAdminTest@550dbc7a]" started-at="2021-03-03T22:16:30 EET" name="loginAdminSuccess" finished-at="2021-03-03T22:16:31 EET" duration-ms="1144" status="PASS">
          <reporter-output>
          </reporter-output>
        </test-method> <!-- loginAdminSuccess -->
      </class> <!-- pharmazone.MR.LoginAdminTest -->
    </test> <!-- Default test -->
  </suite> <!-- Default suite -->
</testng-results>
